<?xml version="1.0" encoding="UTF-8"?>
<!-- Generated by org.testng.reporters.JUnitReportReporter -->
<testsuite hostname="DESKTOP-KKSH0VJ" failures="0" tests="1" name="testCases.TC_002_LoginTest" time="5.818" errors="0" timestamp="2023-11-12T19:48:15 SGT" skipped="0">
  <testcase classname="testCases.TC_002_LoginTest" name="test_login" time="5.818"/>
</testsuite> <!-- testCases.TC_002_LoginTest -->
