<?xml version="1.0" encoding="UTF-8"?>
<!-- Generated by org.testng.reporters.JUnitReportReporter -->
<testsuite hostname="DESKTOP-KKSH0VJ" failures="0" tests="1" name="testCases.TC_001_LoginPageTest" time="3.822" errors="0" timestamp="2023-11-18T00:53:47 SGT" skipped="0">
  <testcase classname="testCases.TC_001_LoginPageTest" name="test_login" time="3.822"/>
</testsuite> <!-- testCases.TC_001_LoginPageTest -->
