<?xml version="1.0" encoding="UTF-8"?>
<!-- Generated by org.testng.reporters.JUnitReportReporter -->
<testsuite hostname="DESKTOP-KKSH0VJ" failures="0" tests="1" name="testCases.TC_002_LoginTest" time="7.804" errors="0" timestamp="2023-11-18T00:53:47 SGT" skipped="0">
  <testcase classname="testCases.TC_002_LoginTest" name="test_login" time="7.804"/>
</testsuite> <!-- testCases.TC_002_LoginTest -->
